<?xml version="1.0" encoding="UTF-8"?>
<!-- Generated by org.testng.reporters.JUnitXMLReporter -->
<testsuite ignored="0" hostname="Mac" failures="3" tests="4" name="PlaywrightTestNG" time="5.759" errors="0" timestamp="2026-04-22T23:08:52 EDT">
  <testcase classname="com.qa.opencart.tests.HomePageTest" name="homePageTitle" time="0.025"/>
  <testcase classname="com.qa.opencart.tests.HomePageTest" name="productSearch" time="0.002">
    <failure type="com.microsoft.playwright.impl.TargetClosedError" message="Error {
  message=&amp;apos;Target page, context or browser has been closed
  name=&amp;apos;TargetClosedError
  stack=&amp;apos;TargetClosedError: Target page, context or browser has been closed
    at DispatcherConnection.dispatch (/private/var/folders/wz/n894k9ln4rn9v_fz32vj1bm40000gn/T/playwright-java-10424872112274878715/package/lib/server/dispatchers/dispatcher.js:256:69)
    at transport.onmessage (/private/var/folders/wz/n894k9ln4rn9v_fz32vj1bm40000gn/T/playwright-java-10424872112274878715/package/lib/cli/driver.js:53:59)
    at Immediate._onImmediate (/private/var/folders/wz/n894k9ln4rn9v_fz32vj1bm40000gn/T/playwright-java-10424872112274878715/package/lib/server/utils/pipeTransport.js:76:16)
    at process.processImmediate (node:internal/timers:504:21)
}">
      <![CDATA[com.microsoft.playwright.impl.TargetClosedError: Error {
  message='Target page, context or browser has been closed
  name='TargetClosedError
  stack='TargetClosedError: Target page, context or browser has been closed
    at DispatcherConnection.dispatch (/private/var/folders/wz/n894k9ln4rn9v_fz32vj1bm40000gn/T/playwright-java-10424872112274878715/package/lib/server/dispatchers/dispatcher.js:256:69)
    at transport.onmessage (/private/var/folders/wz/n894k9ln4rn9v_fz32vj1bm40000gn/T/playwright-java-10424872112274878715/package/lib/cli/driver.js:53:59)
    at Immediate._onImmediate (/private/var/folders/wz/n894k9ln4rn9v_fz32vj1bm40000gn/T/playwright-java-10424872112274878715/package/lib/server/utils/pipeTransport.js:76:16)
    at process.processImmediate (node:internal/timers:504:21)
}
at com.microsoft.playwright.impl.WaitableResult.get(WaitableResult.java:54)
at com.microsoft.playwright.impl.ChannelOwner.runUntil(ChannelOwner.java:138)
at com.microsoft.playwright.impl.Connection.sendMessage(Connection.java:131)
at com.microsoft.playwright.impl.ChannelOwner.sendMessage(ChannelOwner.java:124)
at com.microsoft.playwright.impl.FrameImpl.fill(FrameImpl.java:310)
at com.microsoft.playwright.impl.PageImpl.fill(PageImpl.java:785)
at com.microsoft.playwright.Page.fill(Page.java:4810)
at com.qa.opencart.pages.HomePage.doSearch(HomePage.java:22)
at com.qa.opencart.tests.HomePageTest.productSearch(HomePageTest.java:47)
at java.base/java.util.ArrayList.forEach(ArrayList.java:1511)
at com.intellij.rt.testng.IDEARemoteTestNG.run(IDEARemoteTestNG.java:66)
at com.intellij.rt.testng.RemoteTestNGStarter.main(RemoteTestNGStarter.java:105)
Caused by: com.microsoft.playwright.impl.TargetClosedError: Error {
  message='Target page, context or browser has been closed
  name='TargetClosedError
  stack='TargetClosedError: Target page, context or browser has been closed
    at DispatcherConnection.dispatch (/private/var/folders/wz/n894k9ln4rn9v_fz32vj1bm40000gn/T/playwright-java-10424872112274878715/package/lib/server/dispatchers/dispatcher.js:256:69)
    at transport.onmessage (/private/var/folders/wz/n894k9ln4rn9v_fz32vj1bm40000gn/T/playwright-java-10424872112274878715/package/lib/cli/driver.js:53:59)
    at Immediate._onImmediate (/private/var/folders/wz/n894k9ln4rn9v_fz32vj1bm40000gn/T/playwright-java-10424872112274878715/package/lib/server/utils/pipeTransport.js:76:16)
    at process.processImmediate (node:internal/timers:504:21)
}
at com.microsoft.playwright.impl.Connection.dispatch(Connection.java:259)
at com.microsoft.playwright.impl.Connection.processOneMessage(Connection.java:214)
at com.microsoft.playwright.impl.ChannelOwner.runUntil(ChannelOwner.java:136)
... 34 more
... Removed 24 stack frames]]>
    </failure>
  </testcase> <!-- productSearch -->
  <testcase classname="com.qa.opencart.tests.HomePageTest" name="productSearch" time="0.0">
    <failure type="com.microsoft.playwright.impl.TargetClosedError" message="Error {
  message=&amp;apos;Target page, context or browser has been closed
  name=&amp;apos;TargetClosedError
  stack=&amp;apos;TargetClosedError: Target page, context or browser has been closed
    at DispatcherConnection.dispatch (/private/var/folders/wz/n894k9ln4rn9v_fz32vj1bm40000gn/T/playwright-java-10424872112274878715/package/lib/server/dispatchers/dispatcher.js:256:69)
    at transport.onmessage (/private/var/folders/wz/n894k9ln4rn9v_fz32vj1bm40000gn/T/playwright-java-10424872112274878715/package/lib/cli/driver.js:53:59)
    at Immediate._onImmediate (/private/var/folders/wz/n894k9ln4rn9v_fz32vj1bm40000gn/T/playwright-java-10424872112274878715/package/lib/server/utils/pipeTransport.js:76:16)
    at process.processImmediate (node:internal/timers:504:21)
}">
      <![CDATA[com.microsoft.playwright.impl.TargetClosedError: Error {
  message='Target page, context or browser has been closed
  name='TargetClosedError
  stack='TargetClosedError: Target page, context or browser has been closed
    at DispatcherConnection.dispatch (/private/var/folders/wz/n894k9ln4rn9v_fz32vj1bm40000gn/T/playwright-java-10424872112274878715/package/lib/server/dispatchers/dispatcher.js:256:69)
    at transport.onmessage (/private/var/folders/wz/n894k9ln4rn9v_fz32vj1bm40000gn/T/playwright-java-10424872112274878715/package/lib/cli/driver.js:53:59)
    at Immediate._onImmediate (/private/var/folders/wz/n894k9ln4rn9v_fz32vj1bm40000gn/T/playwright-java-10424872112274878715/package/lib/server/utils/pipeTransport.js:76:16)
    at process.processImmediate (node:internal/timers:504:21)
}
at com.microsoft.playwright.impl.WaitableResult.get(WaitableResult.java:54)
at com.microsoft.playwright.impl.ChannelOwner.runUntil(ChannelOwner.java:138)
at com.microsoft.playwright.impl.Connection.sendMessage(Connection.java:131)
at com.microsoft.playwright.impl.ChannelOwner.sendMessage(ChannelOwner.java:124)
at com.microsoft.playwright.impl.FrameImpl.fill(FrameImpl.java:310)
at com.microsoft.playwright.impl.PageImpl.fill(PageImpl.java:785)
at com.microsoft.playwright.Page.fill(Page.java:4810)
at com.qa.opencart.pages.HomePage.doSearch(HomePage.java:22)
at com.qa.opencart.tests.HomePageTest.productSearch(HomePageTest.java:47)
at java.base/java.util.ArrayList.forEach(ArrayList.java:1511)
at com.intellij.rt.testng.IDEARemoteTestNG.run(IDEARemoteTestNG.java:66)
at com.intellij.rt.testng.RemoteTestNGStarter.main(RemoteTestNGStarter.java:105)
Caused by: com.microsoft.playwright.impl.TargetClosedError: Error {
  message='Target page, context or browser has been closed
  name='TargetClosedError
  stack='TargetClosedError: Target page, context or browser has been closed
    at DispatcherConnection.dispatch (/private/var/folders/wz/n894k9ln4rn9v_fz32vj1bm40000gn/T/playwright-java-10424872112274878715/package/lib/server/dispatchers/dispatcher.js:256:69)
    at transport.onmessage (/private/var/folders/wz/n894k9ln4rn9v_fz32vj1bm40000gn/T/playwright-java-10424872112274878715/package/lib/cli/driver.js:53:59)
    at Immediate._onImmediate (/private/var/folders/wz/n894k9ln4rn9v_fz32vj1bm40000gn/T/playwright-java-10424872112274878715/package/lib/server/utils/pipeTransport.js:76:16)
    at process.processImmediate (node:internal/timers:504:21)
}
at com.microsoft.playwright.impl.Connection.dispatch(Connection.java:259)
at com.microsoft.playwright.impl.Connection.processOneMessage(Connection.java:214)
at com.microsoft.playwright.impl.ChannelOwner.runUntil(ChannelOwner.java:136)
... 34 more
... Removed 24 stack frames]]>
    </failure>
  </testcase> <!-- productSearch -->
  <testcase classname="com.qa.opencart.tests.HomePageTest" name="productSearch" time="0.002">
    <failure type="com.microsoft.playwright.impl.TargetClosedError" message="Error {
  message=&amp;apos;Target page, context or browser has been closed
  name=&amp;apos;TargetClosedError
  stack=&amp;apos;TargetClosedError: Target page, context or browser has been closed
    at DispatcherConnection.dispatch (/private/var/folders/wz/n894k9ln4rn9v_fz32vj1bm40000gn/T/playwright-java-10424872112274878715/package/lib/server/dispatchers/dispatcher.js:256:69)
    at transport.onmessage (/private/var/folders/wz/n894k9ln4rn9v_fz32vj1bm40000gn/T/playwright-java-10424872112274878715/package/lib/cli/driver.js:53:59)
    at Immediate._onImmediate (/private/var/folders/wz/n894k9ln4rn9v_fz32vj1bm40000gn/T/playwright-java-10424872112274878715/package/lib/server/utils/pipeTransport.js:76:16)
    at process.processImmediate (node:internal/timers:504:21)
}">
      <![CDATA[com.microsoft.playwright.impl.TargetClosedError: Error {
  message='Target page, context or browser has been closed
  name='TargetClosedError
  stack='TargetClosedError: Target page, context or browser has been closed
    at DispatcherConnection.dispatch (/private/var/folders/wz/n894k9ln4rn9v_fz32vj1bm40000gn/T/playwright-java-10424872112274878715/package/lib/server/dispatchers/dispatcher.js:256:69)
    at transport.onmessage (/private/var/folders/wz/n894k9ln4rn9v_fz32vj1bm40000gn/T/playwright-java-10424872112274878715/package/lib/cli/driver.js:53:59)
    at Immediate._onImmediate (/private/var/folders/wz/n894k9ln4rn9v_fz32vj1bm40000gn/T/playwright-java-10424872112274878715/package/lib/server/utils/pipeTransport.js:76:16)
    at process.processImmediate (node:internal/timers:504:21)
}
at com.microsoft.playwright.impl.WaitableResult.get(WaitableResult.java:54)
at com.microsoft.playwright.impl.ChannelOwner.runUntil(ChannelOwner.java:138)
at com.microsoft.playwright.impl.Connection.sendMessage(Connection.java:131)
at com.microsoft.playwright.impl.ChannelOwner.sendMessage(ChannelOwner.java:124)
at com.microsoft.playwright.impl.FrameImpl.fill(FrameImpl.java:310)
at com.microsoft.playwright.impl.PageImpl.fill(PageImpl.java:785)
at com.microsoft.playwright.Page.fill(Page.java:4810)
at com.qa.opencart.pages.HomePage.doSearch(HomePage.java:22)
at com.qa.opencart.tests.HomePageTest.productSearch(HomePageTest.java:47)
at java.base/java.util.ArrayList.forEach(ArrayList.java:1511)
at com.intellij.rt.testng.IDEARemoteTestNG.run(IDEARemoteTestNG.java:66)
at com.intellij.rt.testng.RemoteTestNGStarter.main(RemoteTestNGStarter.java:105)
Caused by: com.microsoft.playwright.impl.TargetClosedError: Error {
  message='Target page, context or browser has been closed
  name='TargetClosedError
  stack='TargetClosedError: Target page, context or browser has been closed
    at DispatcherConnection.dispatch (/private/var/folders/wz/n894k9ln4rn9v_fz32vj1bm40000gn/T/playwright-java-10424872112274878715/package/lib/server/dispatchers/dispatcher.js:256:69)
    at transport.onmessage (/private/var/folders/wz/n894k9ln4rn9v_fz32vj1bm40000gn/T/playwright-java-10424872112274878715/package/lib/cli/driver.js:53:59)
    at Immediate._onImmediate (/private/var/folders/wz/n894k9ln4rn9v_fz32vj1bm40000gn/T/playwright-java-10424872112274878715/package/lib/server/utils/pipeTransport.js:76:16)
    at process.processImmediate (node:internal/timers:504:21)
}
at com.microsoft.playwright.impl.Connection.dispatch(Connection.java:259)
at com.microsoft.playwright.impl.Connection.processOneMessage(Connection.java:214)
at com.microsoft.playwright.impl.ChannelOwner.runUntil(ChannelOwner.java:136)
... 34 more
... Removed 24 stack frames]]>
    </failure>
  </testcase> <!-- productSearch -->
</testsuite> <!-- PlaywrightTestNG -->
