<?xml version="1.0" encoding="UTF-8"?>
<testng-results ignored="0" total="4" passed="4" failed="0" skipped="0">
  <reporter-output>
  </reporter-output>
  <suite started-at="2026-04-23T01:58:38 EDT" name="Open cart regression PW test suite" finished-at="2026-04-23T01:58:52 EDT" duration-ms="13451">
    <groups>
    </groups>
    <test started-at="2026-04-23T01:58:38 EDT" name="Open Cart Home page Test" finished-at="2026-04-23T01:58:52 EDT" duration-ms="13451">
      <class name="com.qa.opencart.tests.HomePageTest">
        <test-method is-config="true" signature="setUp()[pri:0, instance:com.qa.opencart.tests.HomePageTest@8e0379d]" started-at="2026-04-23T01:58:38 EDT" name="setUp" finished-at="2026-04-23T01:58:46 EDT" duration-ms="7958" status="PASS">
          <reporter-output>
          </reporter-output>
        </test-method> <!-- setUp -->
        <test-method signature="homePageTitle()[pri:0, instance:com.qa.opencart.tests.HomePageTest@8e0379d]" started-at="2026-04-23T01:58:46 EDT" name="homePageTitle" finished-at="2026-04-23T01:58:46 EDT" duration-ms="24" status="PASS">
          <reporter-output>
          </reporter-output>
        </test-method> <!-- homePageTitle -->
        <test-method signature="productSearch(java.lang.String)[pri:0, instance:com.qa.opencart.tests.HomePageTest@8e0379d]" started-at="2026-04-23T01:58:46 EDT" name="productSearch" data-provider="getProductData" finished-at="2026-04-23T01:58:51 EDT" duration-ms="4409" status="PASS">
          <params>
            <param index="0">
              <value>
                <![CDATA[Macbook]]>
              </value>
            </param>
          </params>
          <reporter-output>
          </reporter-output>
        </test-method> <!-- productSearch -->
        <test-method signature="productSearch(java.lang.String)[pri:0, instance:com.qa.opencart.tests.HomePageTest@8e0379d]" started-at="2026-04-23T01:58:51 EDT" name="productSearch" data-provider="getProductData" finished-at="2026-04-23T01:58:51 EDT" duration-ms="483" status="PASS">
          <params>
            <param index="0">
              <value>
                <![CDATA[iMac]]>
              </value>
            </param>
          </params>
          <reporter-output>
          </reporter-output>
        </test-method> <!-- productSearch -->
        <test-method signature="productSearch(java.lang.String)[pri:0, instance:com.qa.opencart.tests.HomePageTest@8e0379d]" started-at="2026-04-23T01:58:51 EDT" name="productSearch" data-provider="getProductData" finished-at="2026-04-23T01:58:52 EDT" duration-ms="446" status="PASS">
          <params>
            <param index="0">
              <value>
                <![CDATA[Samsung]]>
              </value>
            </param>
          </params>
          <reporter-output>
          </reporter-output>
        </test-method> <!-- productSearch -->
        <test-method is-config="true" signature="tearDown()[pri:0, instance:com.qa.opencart.tests.HomePageTest@8e0379d]" started-at="2026-04-23T01:58:52 EDT" name="tearDown" finished-at="2026-04-23T01:58:52 EDT" duration-ms="88" status="PASS">
          <reporter-output>
          </reporter-output>
        </test-method> <!-- tearDown -->
      </class> <!-- com.qa.opencart.tests.HomePageTest -->
    </test> <!-- Open Cart Home page Test -->
  </suite> <!-- Open cart regression PW test suite -->
</testng-results>
