<?xml version="1.0" encoding="UTF-8"?>
<!-- Generated by org.testng.reporters.JUnitReportReporter -->
<testsuite hostname="Mac" failures="0" tests="4" name="com.qa.opencart.tests.HomePageTest" time="5.362" errors="0" timestamp="2026-04-23T01:58:52 EDT" skipped="0">
  <testcase classname="com.qa.opencart.tests.HomePageTest" name="homePageTitle" time="0.024"/>
  <testcase classname="com.qa.opencart.tests.HomePageTest" name="productSearch" time="0.446"/>
  <testcase classname="com.qa.opencart.tests.HomePageTest" name="productSearch" time="4.409"/>
  <testcase classname="com.qa.opencart.tests.HomePageTest" name="productSearch" time="0.483"/>
</testsuite> <!-- com.qa.opencart.tests.HomePageTest -->
