<?xml version="1.0" encoding="UTF-8"?>
<!-- Generated by org.testng.reporters.JUnitXMLReporter -->
<testsuite ignored="0" hostname="Mac" failures="0" tests="4" name="Open Cart Home page Test" time="13.451" errors="0" timestamp="2026-04-23T01:58:52 EDT">
  <testcase classname="com.qa.opencart.tests.HomePageTest" name="homePageTitle" time="0.024"/>
  <testcase classname="com.qa.opencart.tests.HomePageTest" name="productSearch" time="4.409"/>
  <testcase classname="com.qa.opencart.tests.HomePageTest" name="productSearch" time="0.483"/>
  <testcase classname="com.qa.opencart.tests.HomePageTest" name="productSearch" time="0.446"/>
</testsuite> <!-- Open Cart Home page Test -->
